checking whether the C++ compiler works... yes
checking for C++ compiler default output file name... a.out
checking for suffix of executables... 
checking whether we are cross compiling... no
checking for suffix of object files... o
checking whether we are using the GNU C++ compiler... yes
checking whether /usr/bin/clang++ accepts -g... yes
checking whether /usr/bin/clang++ supports C++17 features with -std=c++17... yes
checking for a BSD-compatible install... /usr/bin/install -c
checking whether build environment is sane... yes
checking for a thread-safe mkdir -p... config/install-sh -c -d
checking for gawk... no
checking for mawk... no
checking for nawk... no
checking for awk... awk
checking whether make sets $(MAKE)... yes
checking whether make supports the include directive... yes (GNU style)
checking whether make supports nested variables... yes
checking dependency style of /usr/bin/clang++ -std=c++17... gcc3
checking whether we are using the GNU C++ compiler... (cached) yes
checking whether /usr/bin/clang++ -std=c++17 accepts -g... (cached) yes
checking build system type... x86_64-apple-darwin19.6.0
checking host system type... x86_64-apple-darwin19.6.0
checking how to print strings... printf
checking for gcc... gcc
checking whether we are using the GNU C compiler... yes
checking whether gcc accepts -g... yes
checking for gcc option to accept ISO C89... none needed
checking whether gcc understands -c and -o together... yes
checking dependency style of gcc... gcc3
checking for a sed that does not truncate output... /usr/bin/sed
checking for grep that handles long lines and -e... /usr/bin/grep
checking for egrep... /usr/bin/grep -E
checking for fgrep... /usr/bin/grep -F
checking for ld used by gcc... /Applications/Xcode.app/Contents/Developer/Toolchains/XcodeDefault.xctoolchain/usr/bin/ld
checking if the linker (/Applications/Xcode.app/Contents/Developer/Toolchains/XcodeDefault.xctoolchain/usr/bin/ld) is GNU ld... no
checking for BSD- or MS-compatible name lister (nm)... /usr/bin/nm -B
checking the name lister (/usr/bin/nm -B) interface... BSD nm
checking whether ln -s works... yes
checking the maximum length of command line arguments... 196608
checking how to convert x86_64-apple-darwin19.6.0 file names to x86_64-apple-darwin19.6.0 format... func_convert_file_noop
checking how to convert x86_64-apple-darwin19.6.0 file names to toolchain format... func_convert_file_noop
checking for /Applications/Xcode.app/Contents/Developer/Toolchains/XcodeDefault.xctoolchain/usr/bin/ld option to reload object files... -r
checking for objdump... objdump
checking how to recognize dependent libraries... pass_all
checking for dlltool... no
checking how to associate runtime and link libraries... printf %s\n
checking for ar... ar
checking for archiver @FILE support... no
checking for strip... strip
checking for ranlib... ranlib
checking command to parse /usr/bin/nm -B output from gcc object... ok
checking for sysroot... no
checking for a working dd... /bin/dd
checking how to truncate binary pipes... /bin/dd bs=4096 count=1
checking for mt... no
checking if : is a manifest tool... no
checking for dsymutil... dsymutil
checking for nmedit... nmedit
checking for lipo... lipo
checking for otool... otool
checking for otool64... no
checking for -single_module linker flag... yes
checking for -exported_symbols_list linker flag... yes
checking for -force_load linker flag... yes
checking how to run the C preprocessor... gcc -E
checking for ANSI C header files... yes
checking for sys/types.h... yes
checking for sys/stat.h... yes
checking for stdlib.h... yes
checking for string.h... yes
checking for memory.h... yes
checking for strings.h... yes
checking for inttypes.h... yes
checking for stdint.h... yes
checking for unistd.h... yes
checking for dlfcn.h... yes
checking for objdir... .libs
checking if gcc supports -fno-rtti -fno-exceptions... yes
checking for gcc option to produce PIC... -fno-common -DPIC
checking if gcc PIC flag -fno-common -DPIC works... yes
checking if gcc static flag -static works... no
checking if gcc supports -c -o file.o... yes
checking if gcc supports -c -o file.o... (cached) yes
checking whether the gcc linker (/Applications/Xcode.app/Contents/Developer/Toolchains/XcodeDefault.xctoolchain/usr/bin/ld) supports shared libraries... yes
checking dynamic linker characteristics... darwin19.6.0 dyld
checking how to hardcode library paths into programs... immediate
checking whether stripping libraries is possible... yes
checking if libtool supports shared libraries... yes
checking whether to build shared libraries... no
checking whether to build static libraries... yes
checking how to run the C++ preprocessor... /usr/bin/clang++ -std=c++17 -E
checking for ld used by /usr/bin/clang++ -std=c++17... /Applications/Xcode.app/Contents/Developer/Toolchains/XcodeDefault.xctoolchain/usr/bin/ld
checking if the linker (/Applications/Xcode.app/Contents/Developer/Toolchains/XcodeDefault.xctoolchain/usr/bin/ld) is GNU ld... no
checking whether the /usr/bin/clang++ -std=c++17 linker (/Applications/Xcode.app/Contents/Developer/Toolchains/XcodeDefault.xctoolchain/usr/bin/ld) supports shared libraries... yes
checking for /usr/bin/clang++ -std=c++17 option to produce PIC... -fno-common -DPIC
checking if /usr/bin/clang++ -std=c++17 PIC flag -fno-common -DPIC works... yes
checking if /usr/bin/clang++ -std=c++17 static flag -static works... no
checking if /usr/bin/clang++ -std=c++17 supports -c -o file.o... yes
checking if /usr/bin/clang++ -std=c++17 supports -c -o file.o... (cached) yes
checking whether the /usr/bin/clang++ -std=c++17 linker (/Applications/Xcode.app/Contents/Developer/Toolchains/XcodeDefault.xctoolchain/usr/bin/ld) supports shared libraries... yes
checking dynamic linker characteristics... darwin19.6.0 dyld
checking how to hardcode library paths into programs... immediate
checking whether make sets $(MAKE)... (cached) yes
checking for mkdir... /bin/mkdir
checking for doxygen... no
checking for dot... no
checking whether to enable maintainer-specific portions of Makefiles... no
checking maintainer mode... 
checking audit... 
checking suggest... 
checking g++ visibility attribute... yes
checking g++ pure attribute... yes
checking __cxa_demangle... yes
checking concepts... no
checking strnlen_s... no
checking strnlen... yes
checking for C++17 charconv integer conversion... yes
checking for C++17 charconv floating-point conversion... no
checking for full thread_local support... yes
checking for full std::variant support... yes
checking for poll()... yes
checking for pkg-config... /opt/local/bin/pkg-config
checking for pg_config... no
configure: using PostgreSQL libraries at /Users/baldvin/projects/libpqxx_visibility_issue_repro/build/lib
checking libpq-fe.h usability... yes
checking libpq-fe.h presence... yes
checking for libpq-fe.h... yes
checking for ability to compile source files using libpq... yes
checking for PQexec in -lpq... yes
checking for PQencryptPasswordConn... yes
checking that type of libpq's Oid is as expected... yes
checking whether make sets $(MAKE)... (cached) yes
checking that generated files are newer than configure... done
configure: creating ./config.status
config.status: creating Makefile
config.status: creating config/Makefile
config.status: creating doc/Makefile
config.status: creating doc/Doxyfile
config.status: creating src/Makefile
config.status: creating test/Makefile
config.status: creating tools/Makefile
config.status: creating include/Makefile
config.status: creating include/pqxx/Makefile
config.status: creating libpqxx.pc
config.status: creating compile_flags
config.status: creating include/pqxx/config.h
config.status: executing depfiles commands
config.status: executing libtool commands
config.status: executing configitems commands
Generating b'/Users/baldvin/projects/libpqxx_visibility_issue_repro/libpqxx/include/pqxx/config-internal-autotools.h': 7 item(s).
Generating b'/Users/baldvin/projects/libpqxx_visibility_issue_repro/libpqxx/include/pqxx/config-internal-compiler.h': 4 item(s).
Generating b'/Users/baldvin/projects/libpqxx_visibility_issue_repro/libpqxx/include/pqxx/config-internal-libpq.h': 1 item(s).
Generating b'/Users/baldvin/projects/libpqxx_visibility_issue_repro/libpqxx/include/pqxx/config-private-autotools.h': 0 item(s).
Generating b'/Users/baldvin/projects/libpqxx_visibility_issue_repro/libpqxx/include/pqxx/config-private-compiler.h': 1 item(s).
Generating b'/Users/baldvin/projects/libpqxx_visibility_issue_repro/libpqxx/include/pqxx/config-private-libpq.h': 0 item(s).
Generating b'/Users/baldvin/projects/libpqxx_visibility_issue_repro/libpqxx/include/pqxx/config-public-autotools.h': 0 item(s).
Generating b'/Users/baldvin/projects/libpqxx_visibility_issue_repro/libpqxx/include/pqxx/config-public-compiler.h': 3 item(s).
Generating b'/Users/baldvin/projects/libpqxx_visibility_issue_repro/libpqxx/include/pqxx/config-public-libpq.h': 0 item(s).
